<?xml version="1.0" encoding="UTF-8"?>
<testsuite name="Search by keyword" tests="1" skipped="1" failures="0" errors="0" timestamp="2020-12-04T04:55:39" hostname="DESKTOP-4CFCLM6" time="29.619">
  <properties/>
  <testcase name="Searching for a term" classname="Search by keyword" time="29.619">
    <skipped/>
  </testcase>
  <system-out><![CDATA[Feature: Search by keyword

  Scenario: Searching for a term                                                 ?[90m# src/test/resources/features/search/search_by_keyword.feature:3?[0m
23:55:39.551 [Test worker] INFO   - 
 _____ _____ ____ _____   ____ _____  _    ____ _____ _____ ____  
|_   _| ____/ ___|_   _| / ___|_   _|/ \  |  _ \_   _| ____|  _ \ 
  | | |  _| \___ \ | |   \___ \ | | / _ \ | |_) || | |  _| | | | |
  | | | |___ ___) || |    ___) || |/ ___ \|  _ < | | | |___| |_| |
  |_| |_____|____/ |_|   |____/ |_/_/   \_\_| \_\|_| |_____|____/ 

Searching for a term(search-by-keyword;searching-for-a-term)
-------------------------------------------------------------------
23:55:41.633 [Test worker] INFO  n.s.c.w.d.ProvideNewDriver - Instantiating driver
23:55:41.633 [Test worker] INFO  n.s.c.w.d.ProvideNewDriver - Driver capabilities: Capabilities {acceptInsecureCerts: false, browserName: chrome, chrome.switches: --start-maximized;--test-ty..., goog:chromeOptions: {args: [--start-maximized, --test-type, --no-sandbox, --ignore-certificate-errors;\n, --disable-popup-blocking, --disable-default-apps, --disable-extensions-file-a...], extensions: []}, loggingPrefs: org.openqa.selenium.logging..., platform: ANY, version: }
    ?[32mGiven ?[0m?[32m?[0m?[32m?[1mSergey?[0m?[32m is on the wordpress opensourcecms login page?[0m                    ?[90m# SearchOnDuckDuckGoStepDefinitions.log_in_on_the_wordpress_page(String)?[0m
    ?[32mWhen ?[0m?[32mhe introduce his user ?[0m?[32m?[1m"opensourcecms"?[0m                                   ?[90m# SearchOnDuckDuckGoStepDefinitions.search_for_user(String)?[0m
    ?[32mThen ?[0m?[32mhe introduce his password ?[0m?[32m?[1m"opensourcecms"?[0m                               ?[90m# SearchOnDuckDuckGoStepDefinitions.search_for_password(String)?[0m
    ?[32mThen ?[0m?[32mhe press the button log in?[0m                                              ?[90m# SearchOnDuckDuckGoStepDefinitions.press_button_log_in()?[0m
    ?[32mAnd ?[0m?[32mhe press the button Posts?[0m                                                ?[90m# SearchOnDuckDuckGoStepDefinitions.press_button_post()?[0m
    ?[32mAnd ?[0m?[32mhe press the button Add New of Posts module?[0m                              ?[90m# SearchOnDuckDuckGoStepDefinitions.press_button_add_post()?[0m
    ?[32mThen ?[0m?[32mhe type the Post title ?[0m?[32m?[1m"Hello World"?[0m                                    ?[90m# SearchOnDuckDuckGoStepDefinitions.add_post_title(String)?[0m
    ?[32mThen ?[0m?[32mhe press the button Publish of Posts module?[0m                             ?[90m# SearchOnDuckDuckGoStepDefinitions.add_post_paragraph()?[0m
    ?[32mThen ?[0m?[32mhe press the button to Publish the Posts?[0m                                ?[90m# SearchOnDuckDuckGoStepDefinitions.publish_post_paragraph()?[0m
    ?[33mAnd ?[0m?[33mSergey press the button to View the Post and see the title "Hello World"?[0m ?[90m# null?[0m
]]></system-out>
  <system-err><![CDATA[Dec 03, 2020 11:55:40 PM org.openqa.selenium.remote.DesiredCapabilities chrome
INFO: Using `new ChromeOptions()` is preferred to `DesiredCapabilities.chrome()`
Starting ChromeDriver 87.0.4280.88 (89e2380a3e36c3464b5dd1302349b1382549290d-refs/branch-heads/4280@{#1761}) on port 15017
Only local connections are allowed.
Please see https://chromedriver.chromium.org/security-considerations for suggestions on keeping ChromeDriver safe.
ChromeDriver was started successfully.
Dec 03, 2020 11:55:45 PM org.openqa.selenium.remote.ProtocolHandshake createSession
INFO: Detected dialect: W3C
]]></system-err>
</testsuite>
